1565197221.541867 client started (7093): version 2.9a, socket /private/tmp/tmux-501/default, protocol 8
1565197221.541955 on Darwin 17.5.0 Darwin Kernel Version 17.5.0: Mon Mar  5 22:24:32 PST 2018; root:xnu-4570.51.1~1/RELEASE_X86_64; libevent 2.1.8-stable (select)
1565197221.542029 socket is /private/tmp/tmux-501/default
1565197221.542066 trying connect
1565197221.542197 add peer 0x7facc082b200: 6 (0x0)
1565197221.544452 sending message 100 to peer 0x7facc082b200 (4 bytes)
1565197221.544479 sending message 101 to peer 0x7facc082b200 (15 bytes)
1565197221.544494 sending message 102 to peer 0x7facc082b200 (13 bytes)
1565197221.544506 sending message 108 to peer 0x7facc082b200 (44 bytes)
1565197221.544531 sending message 104 to peer 0x7facc082b200 (0 bytes)
1565197221.544544 sending message 107 to peer 0x7facc082b200 (4 bytes)
1565197221.544557 sending message 105 to peer 0x7facc082b200 (19 bytes)
1565197221.544569 sending message 105 to peer 0x7facc082b200 (55 bytes)
1565197221.544581 sending message 105 to peer 0x7facc082b200 (42 bytes)
1565197221.544593 sending message 105 to peer 0x7facc082b200 (52 bytes)
1565197221.544606 sending message 105 to peer 0x7facc082b200 (26 bytes)
1565197221.544618 sending message 105 to peer 0x7facc082b200 (30 bytes)
1565197221.544631 sending message 105 to peer 0x7facc082b200 (17 bytes)
1565197221.544643 sending message 105 to peer 0x7facc082b200 (14 bytes)
1565197221.544655 sending message 105 to peer 0x7facc082b200 (38 bytes)
1565197221.544667 sending message 105 to peer 0x7facc082b200 (35 bytes)
1565197221.544679 sending message 105 to peer 0x7facc082b200 (19 bytes)
1565197221.544691 sending message 105 to peer 0x7facc082b200 (31 bytes)
1565197221.544703 sending message 105 to peer 0x7facc082b200 (40 bytes)
1565197221.544720 sending message 105 to peer 0x7facc082b200 (75 bytes)
1565197221.544734 sending message 105 to peer 0x7facc082b200 (60 bytes)
1565197221.544746 sending message 105 to peer 0x7facc082b200 (12 bytes)
1565197221.544759 sending message 105 to peer 0x7facc082b200 (48 bytes)
1565197221.544771 sending message 105 to peer 0x7facc082b200 (51 bytes)
1565197221.544783 sending message 105 to peer 0x7facc082b200 (20 bytes)
1565197221.544796 sending message 105 to peer 0x7facc082b200 (38 bytes)
1565197221.544808 sending message 105 to peer 0x7facc082b200 (54 bytes)
1565197221.544820 sending message 105 to peer 0x7facc082b200 (75 bytes)
1565197221.544833 sending message 105 to peer 0x7facc082b200 (61 bytes)
1565197221.544845 sending message 105 to peer 0x7facc082b200 (21 bytes)
1565197221.544857 sending message 105 to peer 0x7facc082b200 (45 bytes)
1565197221.544869 sending message 105 to peer 0x7facc082b200 (41 bytes)
1565197221.544882 sending message 105 to peer 0x7facc082b200 (91 bytes)
1565197221.544894 sending message 105 to peer 0x7facc082b200 (26 bytes)
1565197221.544906 sending message 105 to peer 0x7facc082b200 (29 bytes)
1565197221.544918 sending message 105 to peer 0x7facc082b200 (44 bytes)
1565197221.544930 sending message 105 to peer 0x7facc082b200 (70 bytes)
1565197221.544943 sending message 105 to peer 0x7facc082b200 (14 bytes)
1565197221.544955 sending message 105 to peer 0x7facc082b200 (45 bytes)
1565197221.544967 sending message 105 to peer 0x7facc082b200 (66 bytes)
1565197221.544979 sending message 105 to peer 0x7facc082b200 (9 bytes)
1565197221.544991 sending message 105 to peer 0x7facc082b200 (57 bytes)
1565197221.545003 sending message 105 to peer 0x7facc082b200 (29 bytes)
1565197221.545015 sending message 105 to peer 0x7facc082b200 (27 bytes)
1565197221.545028 sending message 105 to peer 0x7facc082b200 (37 bytes)
1565197221.545040 sending message 105 to peer 0x7facc082b200 (47 bytes)
1565197221.545052 sending message 105 to peer 0x7facc082b200 (58 bytes)
1565197221.545064 sending message 105 to peer 0x7facc082b200 (48 bytes)
1565197221.545076 sending message 105 to peer 0x7facc082b200 (39 bytes)
1565197221.545089 sending message 105 to peer 0x7facc082b200 (16 bytes)
1565197221.545101 sending message 105 to peer 0x7facc082b200 (66 bytes)
1565197221.545113 sending message 105 to peer 0x7facc082b200 (19 bytes)
1565197221.545151 sending message 105 to peer 0x7facc082b200 (18 bytes)
1565197221.545165 sending message 105 to peer 0x7facc082b200 (23 bytes)
1565197221.545177 sending message 105 to peer 0x7facc082b200 (24 bytes)
1565197221.545189 sending message 105 to peer 0x7facc082b200 (32 bytes)
1565197221.545201 sending message 105 to peer 0x7facc082b200 (31 bytes)
1565197221.545213 sending message 105 to peer 0x7facc082b200 (76 bytes)
1565197221.545225 sending message 105 to peer 0x7facc082b200 (28 bytes)
1565197221.545237 sending message 105 to peer 0x7facc082b200 (38 bytes)
1565197221.545249 sending message 105 to peer 0x7facc082b200 (22 bytes)
1565197221.545261 sending message 105 to peer 0x7facc082b200 (26 bytes)
1565197221.545273 sending message 105 to peer 0x7facc082b200 (57 bytes)
1565197221.545284 sending message 105 to peer 0x7facc082b200 (27 bytes)
1565197221.545296 sending message 105 to peer 0x7facc082b200 (41 bytes)
1565197221.545308 sending message 105 to peer 0x7facc082b200 (27 bytes)
1565197221.545320 sending message 105 to peer 0x7facc082b200 (16 bytes)
1565197221.545332 sending message 105 to peer 0x7facc082b200 (55 bytes)
1565197221.545344 sending message 105 to peer 0x7facc082b200 (19 bytes)
1565197221.545356 sending message 105 to peer 0x7facc082b200 (66 bytes)
1565197221.545368 sending message 105 to peer 0x7facc082b200 (20 bytes)
1565197221.545380 sending message 105 to peer 0x7facc082b200 (16 bytes)
1565197221.545392 sending message 105 to peer 0x7facc082b200 (46 bytes)
1565197221.545404 sending message 105 to peer 0x7facc082b200 (18 bytes)
1565197221.545416 sending message 105 to peer 0x7facc082b200 (9 bytes)
1565197221.545428 sending message 105 to peer 0x7facc082b200 (32 bytes)
1565197221.545440 sending message 105 to peer 0x7facc082b200 (35 bytes)
1565197221.545452 sending message 105 to peer 0x7facc082b200 (95 bytes)
1565197221.545464 sending message 105 to peer 0x7facc082b200 (70 bytes)
1565197221.545476 sending message 105 to peer 0x7facc082b200 (57 bytes)
1565197221.545488 sending message 105 to peer 0x7facc082b200 (8 bytes)
1565197221.545500 sending message 105 to peer 0x7facc082b200 (15 bytes)
1565197221.545512 sending message 105 to peer 0x7facc082b200 (93 bytes)
1565197221.545524 sending message 105 to peer 0x7facc082b200 (29 bytes)
1565197221.545536 sending message 105 to peer 0x7facc082b200 (62 bytes)
1565197221.545551 sending message 105 to peer 0x7facc082b200 (56 bytes)
1565197221.545564 sending message 105 to peer 0x7facc082b200 (60 bytes)
1565197221.545577 sending message 105 to peer 0x7facc082b200 (12 bytes)
1565197221.545589 sending message 105 to peer 0x7facc082b200 (715 bytes)
1565197221.545601 sending message 105 to peer 0x7facc082b200 (16 bytes)
1565197221.545613 sending message 105 to peer 0x7facc082b200 (43 bytes)
1565197221.545625 sending message 105 to peer 0x7facc082b200 (51 bytes)
1565197221.545637 sending message 105 to peer 0x7facc082b200 (53 bytes)
1565197221.545649 sending message 105 to peer 0x7facc082b200 (42 bytes)
1565197221.545661 sending message 105 to peer 0x7facc082b200 (17 bytes)
1565197221.545674 sending message 105 to peer 0x7facc082b200 (46 bytes)
1565197221.545686 sending message 105 to peer 0x7facc082b200 (64 bytes)
1565197221.545698 sending message 105 to peer 0x7facc082b200 (41 bytes)
1565197221.545710 sending message 105 to peer 0x7facc082b200 (54 bytes)
1565197221.545722 sending message 105 to peer 0x7facc082b200 (22 bytes)
1565197221.545734 sending message 105 to peer 0x7facc082b200 (50 bytes)
1565197221.545746 sending message 106 to peer 0x7facc082b200 (0 bytes)
1565197221.545762 sending message 200 to peer 0x7facc082b200 (4 bytes)
1565197221.545774 client loop enter
1565197221.549423 peer 0x7facc082b200 message 207
1565197221.549454 sending message 208 to peer 0x7facc082b200 (0 bytes)
1565197226.351492 peer 0x7facc082b200 message 203
1565197226.351536 sending message 205 to peer 0x7facc082b200 (0 bytes)
1565197226.351963 peer 0x7facc082b200 message 204
1565197226.351987 client loop exit
