1565197208.046241 client started (7069): version 2.9a, socket /private/tmp/tmux-501/default, protocol 8
1565197208.046332 on Darwin 17.5.0 Darwin Kernel Version 17.5.0: Mon Mar  5 22:24:32 PST 2018; root:xnu-4570.51.1~1/RELEASE_X86_64; libevent 2.1.8-stable (select)
1565197208.046406 socket is /private/tmp/tmux-501/default
1565197208.046442 trying connect
1565197208.046609 add peer 0x7faa42000000: 6 (0x0)
1565197208.048920 sending message 100 to peer 0x7faa42000000 (4 bytes)
1565197208.048954 sending message 101 to peer 0x7faa42000000 (15 bytes)
1565197208.048973 sending message 102 to peer 0x7faa42000000 (13 bytes)
1565197208.048988 sending message 108 to peer 0x7faa42000000 (44 bytes)
1565197208.049018 sending message 104 to peer 0x7faa42000000 (0 bytes)
1565197208.049035 sending message 107 to peer 0x7faa42000000 (4 bytes)
1565197208.049050 sending message 105 to peer 0x7faa42000000 (19 bytes)
1565197208.049065 sending message 105 to peer 0x7faa42000000 (55 bytes)
1565197208.049080 sending message 105 to peer 0x7faa42000000 (42 bytes)
1565197208.049094 sending message 105 to peer 0x7faa42000000 (52 bytes)
1565197208.049109 sending message 105 to peer 0x7faa42000000 (26 bytes)
1565197208.049124 sending message 105 to peer 0x7faa42000000 (30 bytes)
1565197208.049139 sending message 105 to peer 0x7faa42000000 (17 bytes)
1565197208.049154 sending message 105 to peer 0x7faa42000000 (14 bytes)
1565197208.049169 sending message 105 to peer 0x7faa42000000 (38 bytes)
1565197208.049183 sending message 105 to peer 0x7faa42000000 (35 bytes)
1565197208.049198 sending message 105 to peer 0x7faa42000000 (19 bytes)
1565197208.049213 sending message 105 to peer 0x7faa42000000 (31 bytes)
1565197208.049228 sending message 105 to peer 0x7faa42000000 (40 bytes)
1565197208.049243 sending message 105 to peer 0x7faa42000000 (75 bytes)
1565197208.049258 sending message 105 to peer 0x7faa42000000 (60 bytes)
1565197208.049273 sending message 105 to peer 0x7faa42000000 (12 bytes)
1565197208.049288 sending message 105 to peer 0x7faa42000000 (48 bytes)
1565197208.049302 sending message 105 to peer 0x7faa42000000 (51 bytes)
1565197208.049317 sending message 105 to peer 0x7faa42000000 (20 bytes)
1565197208.049332 sending message 105 to peer 0x7faa42000000 (38 bytes)
1565197208.049347 sending message 105 to peer 0x7faa42000000 (54 bytes)
1565197208.049362 sending message 105 to peer 0x7faa42000000 (75 bytes)
1565197208.049383 sending message 105 to peer 0x7faa42000000 (61 bytes)
1565197208.049404 sending message 105 to peer 0x7faa42000000 (21 bytes)
1565197208.049428 sending message 105 to peer 0x7faa42000000 (45 bytes)
1565197208.049440 sending message 105 to peer 0x7faa42000000 (41 bytes)
1565197208.049453 sending message 105 to peer 0x7faa42000000 (91 bytes)
1565197208.049465 sending message 105 to peer 0x7faa42000000 (26 bytes)
1565197208.049477 sending message 105 to peer 0x7faa42000000 (29 bytes)
1565197208.049489 sending message 105 to peer 0x7faa42000000 (44 bytes)
1565197208.049501 sending message 105 to peer 0x7faa42000000 (70 bytes)
1565197208.049514 sending message 105 to peer 0x7faa42000000 (14 bytes)
1565197208.049526 sending message 105 to peer 0x7faa42000000 (45 bytes)
1565197208.049538 sending message 105 to peer 0x7faa42000000 (66 bytes)
1565197208.049550 sending message 105 to peer 0x7faa42000000 (9 bytes)
1565197208.049562 sending message 105 to peer 0x7faa42000000 (57 bytes)
1565197208.049574 sending message 105 to peer 0x7faa42000000 (29 bytes)
1565197208.049587 sending message 105 to peer 0x7faa42000000 (27 bytes)
1565197208.049599 sending message 105 to peer 0x7faa42000000 (37 bytes)
1565197208.049611 sending message 105 to peer 0x7faa42000000 (47 bytes)
1565197208.049623 sending message 105 to peer 0x7faa42000000 (58 bytes)
1565197208.049635 sending message 105 to peer 0x7faa42000000 (48 bytes)
1565197208.049647 sending message 105 to peer 0x7faa42000000 (39 bytes)
1565197208.049659 sending message 105 to peer 0x7faa42000000 (16 bytes)
1565197208.049671 sending message 105 to peer 0x7faa42000000 (66 bytes)
1565197208.049684 sending message 105 to peer 0x7faa42000000 (19 bytes)
1565197208.049718 sending message 105 to peer 0x7faa42000000 (18 bytes)
1565197208.049732 sending message 105 to peer 0x7faa42000000 (23 bytes)
1565197208.049744 sending message 105 to peer 0x7faa42000000 (24 bytes)
1565197208.049756 sending message 105 to peer 0x7faa42000000 (32 bytes)
1565197208.049768 sending message 105 to peer 0x7faa42000000 (31 bytes)
1565197208.049780 sending message 105 to peer 0x7faa42000000 (76 bytes)
1565197208.049792 sending message 105 to peer 0x7faa42000000 (28 bytes)
1565197208.049804 sending message 105 to peer 0x7faa42000000 (38 bytes)
1565197208.049816 sending message 105 to peer 0x7faa42000000 (22 bytes)
1565197208.049831 sending message 105 to peer 0x7faa42000000 (26 bytes)
1565197208.049845 sending message 105 to peer 0x7faa42000000 (57 bytes)
1565197208.049857 sending message 105 to peer 0x7faa42000000 (27 bytes)
1565197208.049869 sending message 105 to peer 0x7faa42000000 (41 bytes)
1565197208.049881 sending message 105 to peer 0x7faa42000000 (27 bytes)
1565197208.049893 sending message 105 to peer 0x7faa42000000 (16 bytes)
1565197208.049906 sending message 105 to peer 0x7faa42000000 (55 bytes)
1565197208.049918 sending message 105 to peer 0x7faa42000000 (19 bytes)
1565197208.049930 sending message 105 to peer 0x7faa42000000 (66 bytes)
1565197208.049942 sending message 105 to peer 0x7faa42000000 (20 bytes)
1565197208.049954 sending message 105 to peer 0x7faa42000000 (16 bytes)
1565197208.049966 sending message 105 to peer 0x7faa42000000 (46 bytes)
1565197208.049979 sending message 105 to peer 0x7faa42000000 (18 bytes)
1565197208.049991 sending message 105 to peer 0x7faa42000000 (9 bytes)
1565197208.050003 sending message 105 to peer 0x7faa42000000 (32 bytes)
1565197208.050015 sending message 105 to peer 0x7faa42000000 (35 bytes)
1565197208.050027 sending message 105 to peer 0x7faa42000000 (95 bytes)
1565197208.050039 sending message 105 to peer 0x7faa42000000 (70 bytes)
1565197208.050051 sending message 105 to peer 0x7faa42000000 (57 bytes)
1565197208.050063 sending message 105 to peer 0x7faa42000000 (8 bytes)
1565197208.050075 sending message 105 to peer 0x7faa42000000 (15 bytes)
1565197208.050088 sending message 105 to peer 0x7faa42000000 (93 bytes)
1565197208.050100 sending message 105 to peer 0x7faa42000000 (29 bytes)
1565197208.050112 sending message 105 to peer 0x7faa42000000 (62 bytes)
1565197208.050124 sending message 105 to peer 0x7faa42000000 (56 bytes)
1565197208.050136 sending message 105 to peer 0x7faa42000000 (60 bytes)
1565197208.050148 sending message 105 to peer 0x7faa42000000 (12 bytes)
1565197208.050160 sending message 105 to peer 0x7faa42000000 (715 bytes)
1565197208.050176 sending message 105 to peer 0x7faa42000000 (16 bytes)
1565197208.050189 sending message 105 to peer 0x7faa42000000 (43 bytes)
1565197208.050201 sending message 105 to peer 0x7faa42000000 (51 bytes)
1565197208.050213 sending message 105 to peer 0x7faa42000000 (53 bytes)
1565197208.050225 sending message 105 to peer 0x7faa42000000 (42 bytes)
1565197208.050237 sending message 105 to peer 0x7faa42000000 (17 bytes)
1565197208.050249 sending message 105 to peer 0x7faa42000000 (46 bytes)
1565197208.050261 sending message 105 to peer 0x7faa42000000 (64 bytes)
1565197208.050273 sending message 105 to peer 0x7faa42000000 (41 bytes)
1565197208.050285 sending message 105 to peer 0x7faa42000000 (54 bytes)
1565197208.050297 sending message 105 to peer 0x7faa42000000 (22 bytes)
1565197208.050309 sending message 105 to peer 0x7faa42000000 (50 bytes)
1565197208.050321 sending message 106 to peer 0x7faa42000000 (0 bytes)
1565197208.050337 sending message 200 to peer 0x7faa42000000 (4 bytes)
1565197208.050349 client loop enter
1565197208.054094 peer 0x7faa42000000 message 207
1565197208.054125 sending message 208 to peer 0x7faa42000000 (0 bytes)
1565197210.315875 peer 0x7faa42000000 message 203
1565197210.315918 sending message 205 to peer 0x7faa42000000 (0 bytes)
1565197210.316370 peer 0x7faa42000000 message 204
1565197210.316418 client loop exit
